2022-10-07 20:17:23.907  INFO 19080 --- [main] com.kgwalker.OrderApplication            : Starting OrderApplication on Win10Pro-LAB with PID 19080 (E:\Working\SpringCloud\SpringCloud01\remote-call-manually\order-service\target\classes started by kgwalker in E:\Working\SpringCloud\SpringCloud01\remote-call-manually)
2022-10-07 20:17:23.909 DEBUG 19080 --- [main] com.kgwalker.OrderApplication            : Running with Spring Boot v2.3.9.RELEASE, Spring v5.2.13.RELEASE
2022-10-07 20:17:23.910  INFO 19080 --- [main] com.kgwalker.OrderApplication            : No active profile set, falling back to default profiles: default
2022-10-07 20:17:24.395  WARN 19080 --- [main] o.m.s.mapper.ClassPathMapperScanner      : No MyBatis mapper was found in '[com.kgwalker]' package. Please check your configuration.
2022-10-07 20:17:24.614  INFO 19080 --- [main] o.s.b.w.embedded.tomcat.TomcatWebServer  : Tomcat initialized with port(s): 8000 (http)
2022-10-07 20:17:24.619  INFO 19080 --- [main] o.apache.catalina.core.StandardService   : Starting service [Tomcat]
2022-10-07 20:17:24.620  INFO 19080 --- [main] org.apache.catalina.core.StandardEngine  : Starting Servlet engine: [Apache Tomcat/9.0.43]
2022-10-07 20:17:24.666  INFO 19080 --- [main] o.a.c.c.C.[Tomcat].[localhost].[/]       : Initializing Spring embedded WebApplicationContext
2022-10-07 20:17:24.667  INFO 19080 --- [main] w.s.c.ServletWebServerApplicationContext : Root WebApplicationContext: initialization completed in 726 ms
2022-10-07 20:17:24.765  INFO 19080 --- [main] o.s.s.concurrent.ThreadPoolTaskExecutor  : Initializing ExecutorService 'applicationTaskExecutor'
2022-10-07 20:17:25.067  INFO 19080 --- [main] o.s.b.w.embedded.tomcat.TomcatWebServer  : Tomcat started on port(s): 8000 (http) with context path ''
2022-10-07 20:17:25.074  INFO 19080 --- [main] com.kgwalker.OrderApplication            : Started OrderApplication in 1.44 seconds (JVM running for 1.963)
2022-10-07 20:17:25.076 DEBUG 19080 --- [main] com.kgwalker.OrderApplication            : hello, world
2022-10-07 20:17:54.477  INFO 19080 --- [SpringContextShutdownHook] o.s.s.concurrent.ThreadPoolTaskExecutor  : Shutting down ExecutorService 'applicationTaskExecutor'
2022-10-07 21:11:50.719  INFO 17632 --- [main] com.kgwalker.OrderApplication            : Starting OrderApplication on Win10Pro-LAB with PID 17632 (E:\Working\SpringCloud\SpringCloud01\remote-call-manually\order-service\target\classes started by kgwalker in E:\Working\SpringCloud\SpringCloud01\remote-call-manually)
2022-10-07 21:11:50.722 DEBUG 17632 --- [main] com.kgwalker.OrderApplication            : Running with Spring Boot v2.3.9.RELEASE, Spring v5.2.13.RELEASE
2022-10-07 21:11:50.722  INFO 17632 --- [main] com.kgwalker.OrderApplication            : No active profile set, falling back to default profiles: default
2022-10-07 21:16:40.770  INFO 13192 --- [main] com.kgwalker.OrderApplication            : Starting OrderApplication on Win10Pro-LAB with PID 13192 (E:\Working\SpringCloud\SpringCloud01\remote-call-manually\order-service\target\classes started by kgwalker in E:\Working\SpringCloud\SpringCloud01\remote-call-manually)
2022-10-07 21:16:40.773 DEBUG 13192 --- [main] com.kgwalker.OrderApplication            : Running with Spring Boot v2.3.9.RELEASE, Spring v5.2.13.RELEASE
2022-10-07 21:16:43.650  INFO 13192 --- [main] com.kgwalker.OrderApplication            : No active profile set, falling back to default profiles: default
2022-10-07 21:16:44.071  WARN 13192 --- [main] o.m.s.mapper.ClassPathMapperScanner      : No MyBatis mapper was found in '[com.kgwalker]' package. Please check your configuration.
2022-10-07 21:16:44.329  INFO 13192 --- [main] o.s.b.w.embedded.tomcat.TomcatWebServer  : Tomcat initialized with port(s): 8000 (http)
2022-10-07 21:16:44.336  INFO 13192 --- [main] o.apache.catalina.core.StandardService   : Starting service [Tomcat]
2022-10-07 21:16:44.336  INFO 13192 --- [main] org.apache.catalina.core.StandardEngine  : Starting Servlet engine: [Apache Tomcat/9.0.43]
2022-10-07 21:16:44.389  INFO 13192 --- [main] o.a.c.c.C.[Tomcat].[localhost].[/]       : Initializing Spring embedded WebApplicationContext
2022-10-07 21:16:44.389  INFO 13192 --- [main] w.s.c.ServletWebServerApplicationContext : Root WebApplicationContext: initialization completed in 699 ms
2022-10-07 21:16:44.505  INFO 13192 --- [main] o.s.s.concurrent.ThreadPoolTaskExecutor  : Initializing ExecutorService 'applicationTaskExecutor'
2022-10-07 21:16:44.836  INFO 13192 --- [main] o.s.b.w.embedded.tomcat.TomcatWebServer  : Tomcat started on port(s): 8000 (http) with context path ''
2022-10-07 21:16:44.845  INFO 13192 --- [main] com.kgwalker.OrderApplication            : Started OrderApplication in 291.869 seconds (JVM running for 292.564)
2022-10-07 21:16:44.847 DEBUG 13192 --- [main] com.kgwalker.OrderApplication            : hello, world
